Traceback (most recent call last):
  File "/home/dev/Desktop/smc/venv/lib64/python3.14/site-packages/pandas/__init__.py", line 11, in <module>
    __import__(_dependency)
  File "/home/dev/Desktop/smc/venv/lib64/python3.14/site-packages/numpy/__init__.py", line 95, in <module>
    from ._globals import _CopyMode, _NoValue
  File "/home/dev/Desktop/smc/venv/lib64/python3.14/site-packages/numpy/_globals.py", line 18, in <module>
    import enum
  File "/usr/lib64/python3.14/enum.py", line 3, in <module>
    from types import MappingProxyType, DynamicClassAttribute
  File "/home/dev/Desktop/smc/python/smc/types.py", line 6, in <module>
    from dataclasses import dataclass, field
  File "/usr/lib64/python3.14/dataclasses.py", line 1, in <module>
    import re
  File "/usr/lib64/python3.14/re/__init__.py", line 127, in <module>
    import functools
  File "/usr/lib64/python3.14/functools.py", line 22, in <module>
    from types import GenericAlias, MethodType, MappingProxyType, UnionType
ImportError: cannot import name 'GenericAlias' from 'types' (consider renaming '/home/dev/Desktop/smc/python/smc/types.py' since it has the same name as the standard library module named 'types' and prevents importing that standard library module)

The above exception was the direct cause of the following exception:

Traceback (most recent call last):
  File "/home/dev/Desktop/smc/python/smc/visualize.py", line 9, in <module>
    import pandas as pd
  File "/home/dev/Desktop/smc/venv/lib64/python3.14/site-packages/pandas/__init__.py", line 13, in <module>
    raise ImportError(
ImportError: Unable to import required dependency numpy. Please see the traceback for details.
